<?xml version="1.0" encoding="UTF-8"?>
<!-- Generated by org.testng.reporters.JUnitXMLReporter -->
<testsuite ignored="0" hostname="DESKTOP-ERAU1O0" failures="0" tests="2" name="Default test" time="46.155" errors="0" timestamp="2025-06-04T11:27:23 IST">
  <testcase classname="seleniumJava.PaginationAutomationLambdaTest" name="paginationNumber" time="0.112"/>
  <testcase classname="seleniumJava.PaginationAutomationLambdaTest" name="getProductDetails" time="20.595"/>
</testsuite> <!-- Default test -->
