<?xml version="1.0" encoding="UTF-8"?>
<testng-results ignored="0" total="1" passed="1" failed="0" skipped="0">
  <reporter-output>
  </reporter-output>
  <suite started-at="2025-04-18T22:49:21 IST" name="Default suite" finished-at="2025-04-18T22:49:21 IST" duration-ms="75">
    <groups>
    </groups>
    <test started-at="2025-04-18T22:49:21 IST" name="Default test" finished-at="2025-04-18T22:49:21 IST" duration-ms="75">
      <class name="section14.AnagramUsingStreams">
        <test-method signature="anagram()[pri:0, instance:section14.AnagramUsingStreams@48aca48b]" started-at="2025-04-18T22:49:21 IST" name="anagram" finished-at="2025-04-18T22:49:21 IST" duration-ms="11" status="PASS">
          <reporter-output>
          </reporter-output>
        </test-method> <!-- anagram -->
      </class> <!-- section14.AnagramUsingStreams -->
    </test> <!-- Default test -->
  </suite> <!-- Default suite -->
</testng-results>
