<?xml version="1.0" encoding="UTF-8"?>
<testng-results ignored="0" total="2" passed="2" failed="0" skipped="0">
  <reporter-output>
  </reporter-output>
  <suite started-at="2025-03-15T12:51:41 IST" name="Default suite" finished-at="2025-03-15T12:51:55 IST" duration-ms="14082">
    <groups>
    </groups>
    <test started-at="2025-03-15T12:51:41 IST" name="Default test" finished-at="2025-03-15T12:51:55 IST" duration-ms="14082">
      <class name="HDFCLogin">
        <test-method is-config="true" signature="initialize()[pri:0, instance:HDFCLogin@5e600dd5]" started-at="2025-03-15T12:51:41 IST" name="initialize" finished-at="2025-03-15T12:51:48 IST" duration-ms="7158" status="PASS">
          <reporter-output>
          </reporter-output>
        </test-method> <!-- initialize -->
        <test-method signature="clickLoginButton()[pri:0, instance:HDFCLogin@5e600dd5]" started-at="2025-03-15T12:51:48 IST" name="clickLoginButton" finished-at="2025-03-15T12:51:49 IST" duration-ms="694" status="PASS">
          <reporter-output>
          </reporter-output>
        </test-method> <!-- clickLoginButton -->
        <test-method is-config="true" signature="tearDown()[pri:0, instance:HDFCLogin@5e600dd5]" started-at="2025-03-15T12:51:49 IST" name="tearDown" finished-at="2025-03-15T12:51:50 IST" duration-ms="648" status="PASS">
          <reporter-output>
          </reporter-output>
        </test-method> <!-- tearDown -->
        <test-method is-config="true" signature="initialize()[pri:0, instance:HDFCLogin@5e600dd5]" started-at="2025-03-15T12:51:50 IST" name="initialize" finished-at="2025-03-15T12:51:54 IST" duration-ms="4662" status="PASS">
          <reporter-output>
          </reporter-output>
        </test-method> <!-- initialize -->
        <test-method signature="getTitle()[pri:0, instance:HDFCLogin@5e600dd5]" started-at="2025-03-15T12:51:54 IST" name="getTitle" finished-at="2025-03-15T12:51:55 IST" duration-ms="188" status="PASS">
          <reporter-output>
          </reporter-output>
        </test-method> <!-- getTitle -->
        <test-method is-config="true" signature="tearDown()[pri:0, instance:HDFCLogin@5e600dd5]" started-at="2025-03-15T12:51:55 IST" name="tearDown" finished-at="2025-03-15T12:51:55 IST" duration-ms="623" status="PASS">
          <reporter-output>
          </reporter-output>
        </test-method> <!-- tearDown -->
      </class> <!-- HDFCLogin -->
    </test> <!-- Default test -->
  </suite> <!-- Default suite -->
</testng-results>
