<?xml version="1.0" encoding="UTF-8"?>
<testng-results ignored="0" total="2" passed="2" failed="0" skipped="0">
  <reporter-output>
  </reporter-output>
  <suite started-at="2025-04-18T21:02:20 IST" name="TestNG Session Test Automation Suite" finished-at="2025-04-18T21:02:31 IST" duration-ms="10544">
    <groups>
    </groups>
    <test started-at="2025-04-18T21:02:20 IST" name="Different TestNg feature test" finished-at="2025-04-18T21:02:31 IST" duration-ms="10544">
      <class name="seleniumJava.LoginTest">
        <test-method signature="testLogin()[pri:0, instance:seleniumJava.LoginTest@202b0582, instance params:[]]" started-at="2025-04-18T21:02:20 IST" name="testLogin" finished-at="2025-04-18T21:02:26 IST" duration-ms="5770" status="PASS">
          <reporter-output>
          </reporter-output>
        </test-method> <!-- testLogin -->
        <test-method signature="testLogin()[pri:0, instance:seleniumJava.LoginTest@235ecd9f, instance params:[]]" started-at="2025-04-18T21:02:26 IST" name="testLogin" finished-at="2025-04-18T21:02:31 IST" duration-ms="4716" status="PASS">
          <reporter-output>
          </reporter-output>
        </test-method> <!-- testLogin -->
      </class> <!-- seleniumJava.LoginTest -->
    </test> <!-- Different TestNg feature test -->
  </suite> <!-- TestNG Session Test Automation Suite -->
</testng-results>
