<?xml version="1.0" encoding="UTF-8"?>
<!-- Generated by org.testng.reporters.JUnitXMLReporter -->
<testsuite ignored="2" hostname="DESKTOP-ERAU1O0" failures="0" tests="1" name="Default test" time="35.732" errors="0" timestamp="2025-05-28T14:03:18 IST">
  <testcase classname="com.crm.qa.testcases.LoginPageTest" name="multipleLoginsTest" time="10.772"/>
  <testcase classname="com.crm.qa.testcases.LoginPageTest" name="loginPageTitleTest" time="0.0">
    <ignored/>
  </testcase> <!-- loginPageTitleTest -->
  <testcase classname="com.crm.qa.testcases.LoginPageTest" name="validateLoginPageUrlTest" time="0.0">
    <ignored/>
  </testcase> <!-- validateLoginPageUrlTest -->
</testsuite> <!-- Default test -->
