<?xml version="1.0" encoding="UTF-8"?>
<!-- Generated by org.testng.reporters.JUnitXMLReporter -->
<testsuite ignored="1" hostname="DESKTOP-ERAU1O0" failures="0" tests="1" name="Default test" time="17.204" errors="0" timestamp="2025-05-13T23:28:12 IST">
  <testcase classname="com.crm.qa.testcases.MainPageTest" name="validatePageTitle" time="0.057"/>
  <testcase classname="com.crm.qa.testcases.MainPageTest" name="loginLinkClickTest" time="0.0">
    <ignored/>
  </testcase> <!-- loginLinkClickTest -->
</testsuite> <!-- Default test -->
