<?xml version="1.0" encoding="UTF-8"?>
<testng-results ignored="0" total="1" passed="1" failed="0" skipped="0">
  <reporter-output>
  </reporter-output>
  <suite started-at="2025-05-13T23:27:54 IST" name="Default suite" finished-at="2025-05-13T23:28:12 IST" duration-ms="17204">
    <groups>
    </groups>
    <test started-at="2025-05-13T23:27:54 IST" name="Default test" finished-at="2025-05-13T23:28:12 IST" duration-ms="17204">
      <class name="com.crm.qa.testcases.MainPageTest">
        <test-method is-config="true" signature="setUp()[pri:0, instance:com.crm.qa.testcases.MainPageTest@68044f4]" started-at="2025-05-13T23:27:55 IST" name="setUp" finished-at="2025-05-13T23:28:11 IST" duration-ms="16129" status="PASS">
          <reporter-output>
          </reporter-output>
        </test-method> <!-- setUp -->
        <test-method signature="validatePageTitle()[pri:1, instance:com.crm.qa.testcases.MainPageTest@68044f4]" started-at="2025-05-13T23:28:11 IST" name="validatePageTitle" finished-at="2025-05-13T23:28:11 IST" duration-ms="57" status="PASS">
          <reporter-output>
          </reporter-output>
        </test-method> <!-- validatePageTitle -->
        <test-method is-config="true" signature="tearDown()[pri:0, instance:com.crm.qa.testcases.MainPageTest@68044f4]" started-at="2025-05-13T23:28:11 IST" name="tearDown" finished-at="2025-05-13T23:28:12 IST" duration-ms="678" status="PASS">
          <reporter-output>
          </reporter-output>
        </test-method> <!-- tearDown -->
      </class> <!-- com.crm.qa.testcases.MainPageTest -->
    </test> <!-- Default test -->
  </suite> <!-- Default suite -->
</testng-results>
