<?xml version="1.0" encoding="UTF-8"?>
<testng-results ignored="0" total="3" passed="3" failed="0" skipped="0">
  <reporter-output>
  </reporter-output>
  <suite started-at="2025-03-07T01:01:33 IST" name="Default suite" finished-at="2025-03-07T01:02:01 IST" duration-ms="27834">
    <groups>
    </groups>
    <test started-at="2025-03-07T01:01:33 IST" name="Default test" finished-at="2025-03-07T01:02:01 IST" duration-ms="27834">
      <class name="com.crm.qa.testcases.CreateNewContactPageTest">
        <test-method is-config="true" signature="setUp()[pri:0, instance:com.crm.qa.testcases.CreateNewContactPageTest@5d0bf09b]" started-at="2025-03-07T01:01:33 IST" name="setUp" finished-at="2025-03-07T01:01:49 IST" duration-ms="15803" status="PASS">
          <reporter-output>
          </reporter-output>
        </test-method> <!-- setUp -->
        <test-method signature="verifyCreateNewContact(java.lang.String,java.lang.String,java.lang.String)[pri:1, instance:com.crm.qa.testcases.CreateNewContactPageTest@5d0bf09b]" started-at="2025-03-07T01:01:50 IST" name="verifyCreateNewContact" data-provider="excelData" finished-at="2025-03-07T01:01:54 IST" duration-ms="3287" status="PASS">
          <params>
            <param index="0">
              <value>
                <![CDATA[Tom]]>
              </value>
            </param>
            <param index="1">
              <value>
                <![CDATA[Jerry]]>
              </value>
            </param>
            <param index="2">
              <value>
                <![CDATA[test@test.com]]>
              </value>
            </param>
          </params>
          <reporter-output>
          </reporter-output>
        </test-method> <!-- verifyCreateNewContact -->
        <test-method signature="verifyCreateNewContact(java.lang.String,java.lang.String,java.lang.String)[pri:1, instance:com.crm.qa.testcases.CreateNewContactPageTest@5d0bf09b]" started-at="2025-03-07T01:01:54 IST" name="verifyCreateNewContact" data-provider="excelData" finished-at="2025-03-07T01:01:57 IST" duration-ms="3238" status="PASS">
          <params>
            <param index="0">
              <value>
                <![CDATA[Jio]]>
              </value>
            </param>
            <param index="1">
              <value>
                <![CDATA[Hotstar]]>
              </value>
            </param>
            <param index="2">
              <value>
                <![CDATA[jiohotstar@jio.com]]>
              </value>
            </param>
          </params>
          <reporter-output>
          </reporter-output>
        </test-method> <!-- verifyCreateNewContact -->
        <test-method signature="verifyCreateNewContact(java.lang.String,java.lang.String,java.lang.String)[pri:1, instance:com.crm.qa.testcases.CreateNewContactPageTest@5d0bf09b]" started-at="2025-03-07T01:01:57 IST" name="verifyCreateNewContact" data-provider="excelData" finished-at="2025-03-07T01:02:00 IST" duration-ms="3020" status="PASS">
          <params>
            <param index="0">
              <value>
                <![CDATA[abc]]>
              </value>
            </param>
            <param index="1">
              <value>
                <![CDATA[def]]>
              </value>
            </param>
            <param index="2">
              <value>
                <![CDATA[xyz@gamil.com]]>
              </value>
            </param>
          </params>
          <reporter-output>
          </reporter-output>
        </test-method> <!-- verifyCreateNewContact -->
        <test-method is-config="true" signature="tearDown()[pri:0, instance:com.crm.qa.testcases.CreateNewContactPageTest@5d0bf09b]" started-at="2025-03-07T01:02:00 IST" name="tearDown" finished-at="2025-03-07T01:02:01 IST" duration-ms="605" status="PASS">
          <reporter-output>
          </reporter-output>
        </test-method> <!-- tearDown -->
      </class> <!-- com.crm.qa.testcases.CreateNewContactPageTest -->
    </test> <!-- Default test -->
  </suite> <!-- Default suite -->
</testng-results>
