<?xml version="1.0" encoding="UTF-8"?>
<!-- Generated by org.testng.reporters.JUnitXMLReporter -->
<testsuite ignored="0" hostname="DESKTOP-ERAU1O0" failures="0" tests="7" name="Different TestNg feature test" time="0.137" errors="0" timestamp="2025-05-21T09:31:09 IST">
  <testcase classname="com.test.TestNgBasics" name="googleLogoTest" time="0.009"/>
  <testcase classname="com.test.TestNgBasics" name="googleTitleTest" time="0.001"/>
  <testcase classname="com.test.TestNgBasics" name="searchTest" time="0.002"/>
  <testcase classname="com.test.TestNgAnnotations" name="TestB" time="0.002"/>
  <testcase classname="com.test.TestNgAnnotations" name="TestA" time="0.002"/>
  <testcase classname="com.test.TestNgAnnotations2" name="TestB2" time="0.002"/>
  <testcase classname="com.test.TestNgAnnotations2" name="TestA2" time="0.002"/>
</testsuite> <!-- Different TestNg feature test -->
