<?xml version="1.0" encoding="UTF-8"?>
<!-- Generated by org.testng.reporters.JUnitXMLReporter -->
<testsuite ignored="1" hostname="DESKTOP-ERAU1O0" failures="0" tests="2" name="Free CRM App Test Cases(failed)" time="14.773" errors="0" timestamp="2025-02-27T01:50:29 IST">
  <testcase classname="com.crm.qa.testcases.HomePageTest" name="verifyHomePageTitleTest" time="0.043"/>
  <testcase classname="com.crm.qa.testcases.HomePageTest" name="verifyContactsLinkTest" time="3.064"/>
  <testcase classname="com.crm.qa.testcases.HomePageTest" name="verifyLoggedInUserNameTest" time="0.0">
    <ignored/>
  </testcase> <!-- verifyLoggedInUserNameTest -->
</testsuite> <!-- Free CRM App Test Cases(failed) -->
