<?xml version="1.0" encoding="UTF-8"?>
<!-- Generated by org.testng.reporters.JUnitXMLReporter -->
<testsuite ignored="2" hostname="DESKTOP-ERAU1O0" failures="0" tests="1" name="Default test" time="0.083" errors="0" timestamp="2025-04-16T09:14:29 IST">
  <testcase classname="section14.test1" name="streamMap" time="0.015"/>
  <testcase classname="section14.test1" name="regular" time="0.0">
    <ignored/>
  </testcase> <!-- regular -->
  <testcase classname="section14.test1" name="streamFilter" time="0.0">
    <ignored/>
  </testcase> <!-- streamFilter -->
</testsuite> <!-- Default test -->
