<?xml version="1.0" encoding="UTF-8"?>
<testng-results ignored="0" total="2" passed="2" failed="0" skipped="0">
  <reporter-output>
  </reporter-output>
  <suite started-at="2025-03-14T16:54:01 IST" name="Default suite" finished-at="2025-03-14T16:54:07 IST" duration-ms="6589">
    <groups>
    </groups>
    <test started-at="2025-03-14T16:54:01 IST" name="Default test" finished-at="2025-03-14T16:54:07 IST" duration-ms="6589">
      <class name="tests.FreeCrmTest">
        <test-method is-config="true" signature="setUp()[pri:0, instance:tests.FreeCrmTest@942a29c]" started-at="2025-03-14T16:54:01 IST" name="setUp" finished-at="2025-03-14T16:54:04 IST" duration-ms="3294" status="PASS">
          <reporter-output>
          </reporter-output>
        </test-method> <!-- setUp -->
        <test-method signature="verifyFreeCrmTitleTest()[pri:1, instance:tests.FreeCrmTest@942a29c]" started-at="2025-03-14T16:54:04 IST" name="verifyFreeCrmTitleTest" finished-at="2025-03-14T16:54:04 IST" duration-ms="25" status="PASS">
          <reporter-output>
          </reporter-output>
        </test-method> <!-- verifyFreeCrmTitleTest -->
        <test-method is-config="true" signature="tearDown()[pri:0, instance:tests.FreeCrmTest@942a29c]" started-at="2025-03-14T16:54:04 IST" name="tearDown" finished-at="2025-03-14T16:54:04 IST" duration-ms="264" status="PASS">
          <reporter-output>
          </reporter-output>
        </test-method> <!-- tearDown -->
        <test-method is-config="true" signature="setUp()[pri:0, instance:tests.FreeCrmTest@942a29c]" started-at="2025-03-14T16:54:04 IST" name="setUp" finished-at="2025-03-14T16:54:07 IST" duration-ms="2613" status="PASS">
          <reporter-output>
          </reporter-output>
        </test-method> <!-- setUp -->
        <test-method signature="verifyEditionTest()[pri:2, instance:tests.FreeCrmTest@942a29c]" started-at="2025-03-14T16:54:07 IST" name="verifyEditionTest" finished-at="2025-03-14T16:54:07 IST" duration-ms="52" status="PASS">
          <reporter-output>
          </reporter-output>
        </test-method> <!-- verifyEditionTest -->
        <test-method is-config="true" signature="tearDown()[pri:0, instance:tests.FreeCrmTest@942a29c]" started-at="2025-03-14T16:54:07 IST" name="tearDown" finished-at="2025-03-14T16:54:07 IST" duration-ms="286" status="PASS">
          <reporter-output>
          </reporter-output>
        </test-method> <!-- tearDown -->
      </class> <!-- tests.FreeCrmTest -->
    </test> <!-- Default test -->
  </suite> <!-- Default suite -->
</testng-results>
